  Building GameAssembly.dll with MsvcWinRtToolChain
  	Msvc Install Version: 17.0
  	Msvc Install SDK Directory: C:\Program Files (x86)\Windows Kits\10
  	Msvc Linker Path: C:\Program Files (x86)\Microsoft Visual Studio\2022\BuildTools\VC\Tools\MSVC\14.44.35207\bin\HostX64\ARM64\link.exe
  	Msvc Compiler Path: C:\Program Files (x86)\Microsoft Visual Studio\2022\BuildTools\VC\Tools\MSVC\14.44.35207\bin\HostX64\ARM64\cl.exe
  
  	Output directory: D:\Type B\typeB\build\bin\ARM64\Release
  	Cache directory: D:\Type B\typeB\build\obj\il2cppOutputProject\ARM64\Release
  pch-c.c
  pch-cpp.cpp
  mscorlib_CodeGen.c
  Il2CppCCalculateFieldValues.cpp
  Il2CppCCalculateFieldValues1.cpp
  Il2CppCCalculateTypeValues.cpp
  Il2CppInteropDataTable.cpp
  Il2CppGenericInstDefinitions.c
  GenericMethods__5.cpp
  Il2CppGenericMethodPointerTable.c
  Il2CppMetadataUsage.c
  Generics__27.cpp
  Il2CppTypeDefinitions.c
  Generics__51.cpp
  Generics__49.cpp
  Il2CppCCalculateTypeValues1.cpp
  GenericMethods__4.cpp
  Generics__45.cpp
  Generics__54.cpp
  Generics__48.cpp
  Generics__59.cpp
  Unity.XR.Interaction.Toolkit__4.cpp
  Generics__15.cpp
  Generics__29.cpp
  Generics__73.cpp
  Generics__55.cpp
  GenericMethods__2.cpp
  Generics__56.cpp
  Unity.XR.Interaction.Toolkit__3.cpp
D:\Type B\typeB\Il2CppOutputProject\IL2CPP\libil2cpp\codegen\il2cpp-codegen-common-small.h(35): warning C4305: 'return': truncation from '__int64' to 'T'
          with
          [
              T=int32_t
          ]
  D:\Type B\typeB\Il2CppOutputProject\IL2CPP\libil2cpp\codegen\il2cpp-codegen-common-small.h(35): note: the template instantiation context (the oldest one first) is
  D:\Type B\typeB\Il2CppOutputProject\Source\il2cppOutput\Unity.XR.Interaction.Toolkit__3.cpp(13313): note: see reference to function template instantiation 'T il2cpp_codegen_cast_double_to_int<int32_t>(double)' being compiled
          with
          [
              T=int32_t
          ]
D:\Type B\typeB\Il2CppOutputProject\IL2CPP\libil2cpp\codegen\il2cpp-codegen-common-small.h(35): warning C4309: 'return': truncation of constant value
  Generics__82.cpp
  Unity.TextMeshPro__3.cpp
D:\Type B\typeB\Il2CppOutputProject\IL2CPP\libil2cpp\codegen\il2cpp-codegen-common-small.h(35): warning C4305: 'return': truncation from '__int64' to 'T'
          with
          [
              T=int32_t
          ]
  D:\Type B\typeB\Il2CppOutputProject\IL2CPP\libil2cpp\codegen\il2cpp-codegen-common-small.h(35): note: the template instantiation context (the oldest one first) is
  D:\Type B\typeB\Il2CppOutputProject\Source\il2cppOutput\Unity.TextMeshPro__3.cpp(20321): note: see reference to function template instantiation 'T il2cpp_codegen_cast_double_to_int<int32_t>(double)' being compiled
          with
          [
              T=int32_t
          ]
D:\Type B\typeB\Il2CppOutputProject\IL2CPP\libil2cpp\codegen\il2cpp-codegen-common-small.h(35): warning C4309: 'return': truncation of constant value
  Generics__28.cpp
  Generics__53.cpp
  GenericMethods__12.cpp
  Il2CppInvokerTable.cpp
  Generics__38.cpp
D:\Type B\typeB\Il2CppOutputProject\IL2CPP\libil2cpp\codegen\il2cpp-codegen-common-small.h(35): warning C4305: 'return': truncation from '__int64' to 'T'
          with
          [
              T=int32_t
          ]
  D:\Type B\typeB\Il2CppOutputProject\IL2CPP\libil2cpp\codegen\il2cpp-codegen-common-small.h(35): note: the template instantiation context (the oldest one first) is
  D:\Type B\typeB\Il2CppOutputProject\Source\il2cppOutput\Generics__38.cpp(25928): note: see reference to function template instantiation 'T il2cpp_codegen_cast_double_to_int<int32_t>(double)' being compiled
          with
          [
              T=int32_t
          ]
D:\Type B\typeB\Il2CppOutputProject\IL2CPP\libil2cpp\codegen\il2cpp-codegen-common-small.h(35): warning C4309: 'return': truncation of constant value
  Il2CppGenericClassTable.c
  Generics__41.cpp
  Unity.XR.ARFoundation.cpp
D:\Type B\typeB\Il2CppOutputProject\IL2CPP\libil2cpp\codegen\il2cpp-codegen-common-small.h(35): warning C4305: 'return': truncation from '__int64' to 'T'
          with
          [
              T=int32_t
          ]
  D:\Type B\typeB\Il2CppOutputProject\IL2CPP\libil2cpp\codegen\il2cpp-codegen-common-small.h(35): note: the template instantiation context (the oldest one first) is
  D:\Type B\typeB\Il2CppOutputProject\Source\il2cppOutput\Unity.XR.ARFoundation.cpp(18581): note: see reference to function template instantiation 'T il2cpp_codegen_cast_double_to_int<int32_t>(double)' being compiled
          with
          [
              T=int32_t
          ]
D:\Type B\typeB\Il2CppOutputProject\IL2CPP\libil2cpp\codegen\il2cpp-codegen-common-small.h(35): warning C4309: 'return': truncation of constant value
  Unity.Sentis__1.cpp
D:\Type B\typeB\Il2CppOutputProject\IL2CPP\libil2cpp\codegen\il2cpp-codegen-common-small.h(35): warning C4305: 'return': truncation from '__int64' to 'T'
          with
          [
              T=int32_t
          ]
  D:\Type B\typeB\Il2CppOutputProject\IL2CPP\libil2cpp\codegen\il2cpp-codegen-common-small.h(35): note: the template instantiation context (the oldest one first) is
  D:\Type B\typeB\Il2CppOutputProject\Source\il2cppOutput\Unity.Sentis__1.cpp(12440): note: see reference to function template instantiation 'T il2cpp_codegen_cast_double_to_int<int32_t>(double)' being compiled
          with
          [
              T=int32_t
          ]
D:\Type B\typeB\Il2CppOutputProject\IL2CPP\libil2cpp\codegen\il2cpp-codegen-common-small.h(35): warning C4309: 'return': truncation of constant value
  Unity.XR.Interaction.Toolkit__1.cpp
  Generics__1.cpp
  Il2CppGenericAdjustorThunkTable.c
  Generics__78.cpp
  GenericMethods__8.cpp
  Unity.XR.Interaction.Toolkit__2.cpp
D:\Type B\typeB\Il2CppOutputProject\IL2CPP\libil2cpp\codegen\il2cpp-codegen-common-small.h(35): warning C4305: 'return': truncation from '__int64' to 'T'
          with
          [
              T=int32_t
          ]
  D:\Type B\typeB\Il2CppOutputProject\IL2CPP\libil2cpp\codegen\il2cpp-codegen-common-small.h(35): note: the template instantiation context (the oldest one first) is
  D:\Type B\typeB\Il2CppOutputProject\Source\il2cppOutput\Unity.XR.Interaction.Toolkit__2.cpp(30126): note: see reference to function template instantiation 'T il2cpp_codegen_cast_double_to_int<int32_t>(double)' being compiled
          with
          [
              T=int32_t
          ]
D:\Type B\typeB\Il2CppOutputProject\IL2CPP\libil2cpp\codegen\il2cpp-codegen-common-small.h(35): warning C4309: 'return': truncation of constant value
  Il2CppCCalculateFieldValues2.cpp
  UnityEngine.UIElementsModule__2.cpp
D:\Type B\typeB\Il2CppOutputProject\IL2CPP\libil2cpp\codegen\il2cpp-codegen-common-small.h(35): warning C4305: 'return': truncation from '__int64' to 'T'
          with
          [
              T=int32_t
          ]
  D:\Type B\typeB\Il2CppOutputProject\IL2CPP\libil2cpp\codegen\il2cpp-codegen-common-small.h(35): note: the template instantiation context (the oldest one first) is
  D:\Type B\typeB\Il2CppOutputProject\Source\il2cppOutput\UnityEngine.UIElementsModule__2.cpp(17797): note: see reference to function template instantiation 'T il2cpp_codegen_cast_double_to_int<int32_t>(double)' being compiled
          with
          [
              T=int32_t
          ]
D:\Type B\typeB\Il2CppOutputProject\IL2CPP\libil2cpp\codegen\il2cpp-codegen-common-small.h(35): warning C4309: 'return': truncation of constant value
  Unity.InputSystem__6.cpp
D:\Type B\typeB\Il2CppOutputProject\IL2CPP\libil2cpp\codegen\il2cpp-codegen-common-small.h(35): warning C4305: 'return': truncation from '__int64' to 'T'
          with
          [
              T=int32_t
          ]
  D:\Type B\typeB\Il2CppOutputProject\IL2CPP\libil2cpp\codegen\il2cpp-codegen-common-small.h(35): note: the template instantiation context (the oldest one first) is
  D:\Type B\typeB\Il2CppOutputProject\Source\il2cppOutput\Unity.InputSystem__6.cpp(40034): note: see reference to function template instantiation 'T il2cpp_codegen_cast_double_to_int<int32_t>(double)' being compiled
          with
          [
              T=int32_t
          ]
D:\Type B\typeB\Il2CppOutputProject\IL2CPP\libil2cpp\codegen\il2cpp-codegen-common-small.h(35): warning C4309: 'return': truncation of constant value
  Generics__50.cpp
  GenericMethods__10.cpp
  GenericMethods__13.cpp
  Il2CppPCCWMethods.cpp
  Microsoft.MixedReality.OpenXR.cpp
  Unity.InputSystem__8.cpp
  Unity.InputSystem__4.cpp
  Unity.InputSystem__5.cpp
  Unity.InputSystem_CodeGen.c
  GenericMethods__14.cpp
  Unity.InputSystem.cpp
  GenericMethods__9.cpp
  Generics__13.cpp
D:\Type B\typeB\Il2CppOutputProject\IL2CPP\libil2cpp\codegen\il2cpp-codegen-common-small.h(35): warning C4305: 'return': truncation from '__int64' to 'T'
          with
          [
              T=int32_t
          ]
  D:\Type B\typeB\Il2CppOutputProject\IL2CPP\libil2cpp\codegen\il2cpp-codegen-common-small.h(35): note: the template instantiation context (the oldest one first) is
  D:\Type B\typeB\Il2CppOutputProject\Source\il2cppOutput\Generics__13.cpp(27265): note: see reference to function template instantiation 'T il2cpp_codegen_cast_double_to_int<int32_t>(double)' being compiled
          with
          [
              T=int32_t
          ]
D:\Type B\typeB\Il2CppOutputProject\IL2CPP\libil2cpp\codegen\il2cpp-codegen-common-small.h(35): warning C4309: 'return': truncation of constant value
  GenericMethods__1.cpp
  Unity.InputSystem__7.cpp
  MixedReality.Toolkit.UXCore.cpp
D:\Type B\typeB\Il2CppOutputProject\IL2CPP\libil2cpp\codegen\il2cpp-codegen-common-small.h(35): warning C4305: 'return': truncation from '__int64' to 'T'
          with
          [
              T=int32_t
          ]
  D:\Type B\typeB\Il2CppOutputProject\IL2CPP\libil2cpp\codegen\il2cpp-codegen-common-small.h(35): note: the template instantiation context (the oldest one first) is
  D:\Type B\typeB\Il2CppOutputProject\Source\il2cppOutput\MixedReality.Toolkit.UXCore.cpp(37235): note: see reference to function template instantiation 'T il2cpp_codegen_cast_double_to_int<int32_t>(double)' being compiled
          with
          [
              T=int32_t
          ]
D:\Type B\typeB\Il2CppOutputProject\IL2CPP\libil2cpp\codegen\il2cpp-codegen-common-small.h(35): warning C4309: 'return': truncation of constant value
  Generics__58.cpp
  Generics__84.cpp
  Generics__72.cpp
  Il2CppGenericMethodTable.c
  Unity.InputSystem__2.cpp
  GenericMethods__17.cpp
  MixedReality.Toolkit.Input.cpp
D:\Type B\typeB\Il2CppOutputProject\IL2CPP\libil2cpp\codegen\il2cpp-codegen-common-small.h(35): warning C4305: 'return': truncation from '__int64' to 'T'
          with
          [
              T=int32_t
          ]
  D:\Type B\typeB\Il2CppOutputProject\IL2CPP\libil2cpp\codegen\il2cpp-codegen-common-small.h(35): note: the template instantiation context (the oldest one first) is
  D:\Type B\typeB\Il2CppOutputProject\Source\il2cppOutput\MixedReality.Toolkit.Input.cpp(36026): note: see reference to function template instantiation 'T il2cpp_codegen_cast_double_to_int<int32_t>(double)' being compiled
          with
          [
              T=int32_t
          ]
D:\Type B\typeB\Il2CppOutputProject\IL2CPP\libil2cpp\codegen\il2cpp-codegen-common-small.h(35): warning C4309: 'return': truncation of constant value
  Generics__83.cpp
  Unity.InputSystem__9.cpp
D:\Type B\typeB\Il2CppOutputProject\IL2CPP\libil2cpp\codegen\il2cpp-codegen-common-small.h(35): warning C4305: 'return': truncation from '__int64' to 'T'
          with
          [
              T=int32_t
          ]
  D:\Type B\typeB\Il2CppOutputProject\IL2CPP\libil2cpp\codegen\il2cpp-codegen-common-small.h(35): note: the template instantiation context (the oldest one first) is
  D:\Type B\typeB\Il2CppOutputProject\Source\il2cppOutput\Unity.InputSystem__9.cpp(36248): note: see reference to function template instantiation 'T il2cpp_codegen_cast_double_to_int<int32_t>(double)' being compiled
          with
          [
              T=int32_t
          ]
D:\Type B\typeB\Il2CppOutputProject\IL2CPP\libil2cpp\codegen\il2cpp-codegen-common-small.h(35): warning C4309: 'return': truncation of constant value
  Generics__88.cpp
  Unity.XR.OpenXR.cpp
  Il2CppCCWs__146.cpp
  Unity.Sentis.cpp
D:\Type B\typeB\Il2CppOutputProject\IL2CPP\libil2cpp\codegen\il2cpp-codegen-common-small.h(35): warning C4305: 'return': truncation from '__int64' to 'T'
          with
          [
              T=int32_t
          ]
  D:\Type B\typeB\Il2CppOutputProject\IL2CPP\libil2cpp\codegen\il2cpp-codegen-common-small.h(35): note: the template instantiation context (the oldest one first) is
  D:\Type B\typeB\Il2CppOutputProject\Source\il2cppOutput\Unity.Sentis.cpp(12339): note: see reference to function template instantiation 'T il2cpp_codegen_cast_double_to_int<int32_t>(double)' being compiled
          with
          [
              T=int32_t
          ]
D:\Type B\typeB\Il2CppOutputProject\IL2CPP\libil2cpp\codegen\il2cpp-codegen-common-small.h(35): warning C4309: 'return': truncation of constant value
  Unity.Sentis__3.cpp
  mscorlib__17.cpp
  UnityEngine.CoreModule.cpp
D:\Type B\typeB\Il2CppOutputProject\IL2CPP\libil2cpp\codegen\il2cpp-codegen-common-small.h(35): warning C4305: 'return': truncation from '__int64' to 'T'
          with
          [
              T=int32_t
          ]
  D:\Type B\typeB\Il2CppOutputProject\IL2CPP\libil2cpp\codegen\il2cpp-codegen-common-small.h(35): note: the template instantiation context (the oldest one first) is
  D:\Type B\typeB\Il2CppOutputProject\Source\il2cppOutput\UnityEngine.CoreModule.cpp(17752): note: see reference to function template instantiation 'T il2cpp_codegen_cast_double_to_int<int32_t>(double)' being compiled
          with
          [
              T=int32_t
          ]
D:\Type B\typeB\Il2CppOutputProject\IL2CPP\libil2cpp\codegen\il2cpp-codegen-common-small.h(35): warning C4309: 'return': truncation of constant value
  Generics__77.cpp
  MixedReality.Toolkit.Core.cpp
D:\Type B\typeB\Il2CppOutputProject\IL2CPP\libil2cpp\codegen\il2cpp-codegen-common-small.h(35): warning C4305: 'return': truncation from '__int64' to 'T'
          with
          [
              T=int32_t
          ]
  D:\Type B\typeB\Il2CppOutputProject\IL2CPP\libil2cpp\codegen\il2cpp-codegen-common-small.h(35): note: the template instantiation context (the oldest one first) is
  D:\Type B\typeB\Il2CppOutputProject\Source\il2cppOutput\MixedReality.Toolkit.Core.cpp(25506): note: see reference to function template instantiation 'T il2cpp_codegen_cast_double_to_int<int32_t>(double)' being compiled
          with
          [
              T=int32_t
          ]
D:\Type B\typeB\Il2CppOutputProject\IL2CPP\libil2cpp\codegen\il2cpp-codegen-common-small.h(35): warning C4309: 'return': truncation of constant value
  Generics__16.cpp
  System.cpp
  Unity.XR.Interaction.Toolkit.cpp
  Generics__42.cpp
  Unity.XR.ARSubsystems.cpp
  Generics__2.cpp
  Generics.cpp
  UnityEngine.UIElementsModule.cpp
D:\Type B\typeB\Il2CppOutputProject\IL2CPP\libil2cpp\codegen\il2cpp-codegen-common-small.h(35): warning C4305: 'return': truncation from '__int64' to 'T'
          with
          [
              T=int32_t
          ]
  D:\Type B\typeB\Il2CppOutputProject\IL2CPP\libil2cpp\codegen\il2cpp-codegen-common-small.h(35): note: the template instantiation context (the oldest one first) is
  D:\Type B\typeB\Il2CppOutputProject\Source\il2cppOutput\UnityEngine.UIElementsModule.cpp(38507): note: see reference to function template instantiation 'T il2cpp_codegen_cast_double_to_int<int32_t>(double)' being compiled
          with
          [
              T=int32_t
          ]
D:\Type B\typeB\Il2CppOutputProject\IL2CPP\libil2cpp\codegen\il2cpp-codegen-common-small.h(35): warning C4309: 'return': truncation of constant value
  Generics__17.cpp
  GenericMethods.cpp
  GenericMethods__16.cpp
  GenericMethods__15.cpp
  GenericMethods__11.cpp
  Il2CppCCWs__129.cpp
  Generics__14.cpp
  UnityEngine.UIElementsModule__5.cpp
D:\Type B\typeB\Il2CppOutputProject\IL2CPP\libil2cpp\codegen\il2cpp-codegen-common-small.h(35): warning C4305: 'return': truncation from '__int64' to 'T'
          with
          [
              T=int32_t
          ]
  D:\Type B\typeB\Il2CppOutputProject\IL2CPP\libil2cpp\codegen\il2cpp-codegen-common-small.h(35): note: the template instantiation context (the oldest one first) is
  D:\Type B\typeB\Il2CppOutputProject\Source\il2cppOutput\UnityEngine.UIElementsModule__5.cpp(32763): note: see reference to function template instantiation 'T il2cpp_codegen_cast_double_to_int<int32_t>(double)' being compiled
          with
          [
              T=int32_t
          ]
D:\Type B\typeB\Il2CppOutputProject\IL2CPP\libil2cpp\codegen\il2cpp-codegen-common-small.h(35): warning C4309: 'return': truncation of constant value
  Generics__90.cpp
  Generics__30.cpp
  Unity.Sentis__4.cpp
  UnityEngine.UIElementsModule__3.cpp
  UnityEngine.UIElementsModule__7.cpp
D:\Type B\typeB\Il2CppOutputProject\IL2CPP\libil2cpp\codegen\il2cpp-codegen-common-small.h(35): warning C4305: 'return': truncation from '__int64' to 'T'
          with
          [
              T=int32_t
          ]
  D:\Type B\typeB\Il2CppOutputProject\IL2CPP\libil2cpp\codegen\il2cpp-codegen-common-small.h(35): note: the template instantiation context (the oldest one first) is
  D:\Type B\typeB\Il2CppOutputProject\Source\il2cppOutput\UnityEngine.UIElementsModule__7.cpp(15287): note: see reference to function template instantiation 'T il2cpp_codegen_cast_double_to_int<int32_t>(double)' being compiled
          with
          [
              T=int32_t
          ]
D:\Type B\typeB\Il2CppOutputProject\IL2CPP\libil2cpp\codegen\il2cpp-codegen-common-small.h(35): warning C4309: 'return': truncation of constant value
  Generics__89.cpp
  Generics__31.cpp
  Unity.InputSystem__10.cpp
  UnityEngine.UIElementsModule__4.cpp
D:\Type B\typeB\Il2CppOutputProject\IL2CPP\libil2cpp\codegen\il2cpp-codegen-common-small.h(35): warning C4305: 'return': truncation from '__int64' to 'T'
          with
          [
              T=int32_t
          ]
  D:\Type B\typeB\Il2CppOutputProject\IL2CPP\libil2cpp\codegen\il2cpp-codegen-common-small.h(35): note: the template instantiation context (the oldest one first) is
  D:\Type B\typeB\Il2CppOutputProject\Source\il2cppOutput\UnityEngine.UIElementsModule__4.cpp(10420): note: see reference to function template instantiation 'T il2cpp_codegen_cast_double_to_int<int32_t>(double)' being compiled
          with
          [
              T=int32_t
          ]
D:\Type B\typeB\Il2CppOutputProject\IL2CPP\libil2cpp\codegen\il2cpp-codegen-common-small.h(35): warning C4309: 'return': truncation of constant value
  mscorlib__9.cpp
  Generics__10.cpp
D:\Type B\typeB\Il2CppOutputProject\IL2CPP\libil2cpp\codegen\il2cpp-codegen-common-small.h(35): warning C4305: 'return': truncation from '__int64' to 'T'
          with
          [
              T=int32_t
          ]
  D:\Type B\typeB\Il2CppOutputProject\IL2CPP\libil2cpp\codegen\il2cpp-codegen-common-small.h(35): note: the template instantiation context (the oldest one first) is
  D:\Type B\typeB\Il2CppOutputProject\Source\il2cppOutput\Generics__10.cpp(31272): note: see reference to function template instantiation 'T il2cpp_codegen_cast_double_to_int<int32_t>(double)' being compiled
          with
          [
              T=int32_t
          ]
D:\Type B\typeB\Il2CppOutputProject\IL2CPP\libil2cpp\codegen\il2cpp-codegen-common-small.h(35): warning C4309: 'return': truncation of constant value
  UnityEngine.CoreModule__1.cpp
D:\Type B\typeB\Il2CppOutputProject\IL2CPP\libil2cpp\codegen\il2cpp-codegen-common-small.h(35): warning C4305: 'return': truncation from '__int64' to 'T'
          with
          [
              T=int32_t
          ]
  D:\Type B\typeB\Il2CppOutputProject\IL2CPP\libil2cpp\codegen\il2cpp-codegen-common-small.h(35): note: the template instantiation context (the oldest one first) is
  D:\Type B\typeB\Il2CppOutputProject\Source\il2cppOutput\UnityEngine.CoreModule__1.cpp(11258): note: see reference to function template instantiation 'T il2cpp_codegen_cast_double_to_int<int32_t>(double)' being compiled
          with
          [
              T=int32_t
          ]
D:\Type B\typeB\Il2CppOutputProject\IL2CPP\libil2cpp\codegen\il2cpp-codegen-common-small.h(35): warning C4309: 'return': truncation of constant value
  Il2CppGenericMethodDefinitions.c
  Generics__86.cpp
  mscorlib__2.cpp
D:\Type B\typeB\Il2CppOutputProject\IL2CPP\libil2cpp\codegen\il2cpp-codegen-common-small.h(35): warning C4305: 'return': truncation from '__int64' to 'T'
          with
          [
              T=int32_t
          ]
  D:\Type B\typeB\Il2CppOutputProject\IL2CPP\libil2cpp\codegen\il2cpp-codegen-common-small.h(35): note: the template instantiation context (the oldest one first) is
  D:\Type B\typeB\Il2CppOutputProject\Source\il2cppOutput\mscorlib__2.cpp(27871): note: see reference to function template instantiation 'T il2cpp_codegen_cast_double_to_int<int32_t>(double)' being compiled
          with
          [
              T=int32_t
          ]
D:\Type B\typeB\Il2CppOutputProject\IL2CPP\libil2cpp\codegen\il2cpp-codegen-common-small.h(35): warning C4309: 'return': truncation of constant value
  System__4.cpp
  Unity.XR.ARFoundation__1.cpp
  Generics__37.cpp
  UnresolvedVirtualCallStubs.cpp
  Generics__87.cpp
D:\Type B\typeB\Il2CppOutputProject\IL2CPP\libil2cpp\codegen\il2cpp-codegen-common-small.h(35): warning C4305: 'return': truncation from '__int64' to 'T'
          with
          [
              T=int32_t
          ]
  D:\Type B\typeB\Il2CppOutputProject\IL2CPP\libil2cpp\codegen\il2cpp-codegen-common-small.h(35): note: the template instantiation context (the oldest one first) is
  D:\Type B\typeB\Il2CppOutputProject\Source\il2cppOutput\Generics__87.cpp(23474): note: see reference to function template instantiation 'T il2cpp_codegen_cast_double_to_int<int32_t>(double)' being compiled
          with
          [
              T=int32_t
          ]
D:\Type B\typeB\Il2CppOutputProject\IL2CPP\libil2cpp\codegen\il2cpp-codegen-common-small.h(35): warning C4309: 'return': truncation of constant value
  Generics__52.cpp
  mscorlib__16.cpp
  Generics__57.cpp
  UnityEngine.UIElementsModule_CodeGen.c
  Generics__12.cpp
  Generics__46.cpp
  Generics__32.cpp
  MixedReality.Toolkit.SpatialManipulation.cpp
D:\Type B\typeB\Il2CppOutputProject\IL2CPP\libil2cpp\codegen\il2cpp-codegen-common-small.h(35): warning C4305: 'return': truncation from '__int64' to 'T'
          with
          [
              T=int32_t
          ]
  D:\Type B\typeB\Il2CppOutputProject\IL2CPP\libil2cpp\codegen\il2cpp-codegen-common-small.h(35): note: the template instantiation context (the oldest one first) is
  D:\Type B\typeB\Il2CppOutputProject\Source\il2cppOutput\MixedReality.Toolkit.SpatialManipulation.cpp(31032): note: see reference to function template instantiation 'T il2cpp_codegen_cast_double_to_int<int32_t>(double)' being compiled
          with
          [
              T=int32_t
          ]
D:\Type B\typeB\Il2CppOutputProject\IL2CPP\libil2cpp\codegen\il2cpp-codegen-common-small.h(35): warning C4309: 'return': truncation of constant value
  Unity.Sentis__7.cpp
  Generics__47.cpp
  Generics__3.cpp
  Generics__9.cpp
D:\Type B\typeB\Il2CppOutputProject\IL2CPP\libil2cpp\codegen\il2cpp-codegen-common-small.h(35): warning C4305: 'return': truncation from '__int64' to 'T'
          with
          [
              T=int32_t
          ]
  D:\Type B\typeB\Il2CppOutputProject\IL2CPP\libil2cpp\codegen\il2cpp-codegen-common-small.h(35): note: the template instantiation context (the oldest one first) is
  D:\Type B\typeB\Il2CppOutputProject\Source\il2cppOutput\Generics__9.cpp(28004): note: see reference to function template instantiation 'T il2cpp_codegen_cast_double_to_int<int32_t>(double)' being compiled
          with
          [
              T=int32_t
          ]
D:\Type B\typeB\Il2CppOutputProject\IL2CPP\libil2cpp\codegen\il2cpp-codegen-common-small.h(35): warning C4309: 'return': truncation of constant value
  Unity.TextMeshPro__4.cpp
D:\Type B\typeB\Il2CppOutputProject\IL2CPP\libil2cpp\codegen\il2cpp-codegen-common-small.h(35): warning C4305: 'return': truncation from '__int64' to 'T'
          with
          [
              T=int32_t
          ]
  D:\Type B\typeB\Il2CppOutputProject\IL2CPP\libil2cpp\codegen\il2cpp-codegen-common-small.h(35): note: the template instantiation context (the oldest one first) is
  D:\Type B\typeB\Il2CppOutputProject\Source\il2cppOutput\Unity.TextMeshPro__4.cpp(19594): note: see reference to function template instantiation 'T il2cpp_codegen_cast_double_to_int<int32_t>(double)' being compiled
          with
          [
              T=int32_t
          ]
D:\Type B\typeB\Il2CppOutputProject\IL2CPP\libil2cpp\codegen\il2cpp-codegen-common-small.h(35): warning C4309: 'return': truncation of constant value
  Generics__7.cpp
  Generics__4.cpp
  mscorlib__14.cpp
  Unity.TextMeshPro__5.cpp
D:\Type B\typeB\Il2CppOutputProject\IL2CPP\libil2cpp\codegen\il2cpp-codegen-common-small.h(35): warning C4305: 'return': truncation from '__int64' to 'T'
          with
          [
              T=int32_t
          ]
  D:\Type B\typeB\Il2CppOutputProject\IL2CPP\libil2cpp\codegen\il2cpp-codegen-common-small.h(35): note: the template instantiation context (the oldest one first) is
  D:\Type B\typeB\Il2CppOutputProject\Source\il2cppOutput\Unity.TextMeshPro__5.cpp(16805): note: see reference to function template instantiation 'T il2cpp_codegen_cast_double_to_int<int32_t>(double)' being compiled
          with
          [
              T=int32_t
          ]
D:\Type B\typeB\Il2CppOutputProject\IL2CPP\libil2cpp\codegen\il2cpp-codegen-common-small.h(35): warning C4309: 'return': truncation of constant value
  UnityEngine.UIElementsModule__1.cpp
D:\Type B\typeB\Il2CppOutputProject\IL2CPP\libil2cpp\codegen\il2cpp-codegen-common-small.h(35): warning C4305: 'return': truncation from '__int64' to 'T'
          with
          [
              T=int32_t
          ]
  D:\Type B\typeB\Il2CppOutputProject\IL2CPP\libil2cpp\codegen\il2cpp-codegen-common-small.h(35): note: the template instantiation context (the oldest one first) is
  D:\Type B\typeB\Il2CppOutputProject\Source\il2cppOutput\UnityEngine.UIElementsModule__1.cpp(9190): note: see reference to function template instantiation 'T il2cpp_codegen_cast_double_to_int<int32_t>(double)' being compiled
          with
          [
              T=int32_t
          ]
D:\Type B\typeB\Il2CppOutputProject\IL2CPP\libil2cpp\codegen\il2cpp-codegen-common-small.h(35): warning C4309: 'return': truncation of constant value
  mscorlib__15.cpp
  UnityEngine.UI.cpp
D:\Type B\typeB\Il2CppOutputProject\IL2CPP\libil2cpp\codegen\il2cpp-codegen-common-small.h(35): warning C4305: 'return': truncation from '__int64' to 'T'
          with
          [
              T=int32_t
          ]
  D:\Type B\typeB\Il2CppOutputProject\IL2CPP\libil2cpp\codegen\il2cpp-codegen-common-small.h(35): note: the template instantiation context (the oldest one first) is
  D:\Type B\typeB\Il2CppOutputProject\Source\il2cppOutput\UnityEngine.UI.cpp(19920): note: see reference to function template instantiation 'T il2cpp_codegen_cast_double_to_int<int32_t>(double)' being compiled
          with
          [
              T=int32_t
          ]
D:\Type B\typeB\Il2CppOutputProject\IL2CPP\libil2cpp\codegen\il2cpp-codegen-common-small.h(35): warning C4309: 'return': truncation of constant value
  Il2CppCCWs__168.cpp
  Generics__8.cpp
  Unity.InputSystem__1.cpp
  Unity.Sentis__10.cpp
D:\Type B\typeB\Il2CppOutputProject\IL2CPP\libil2cpp\codegen\il2cpp-codegen-common-small.h(35): warning C4305: 'return': truncation from '__int64' to 'T'
          with
          [
              T=int32_t
          ]
  D:\Type B\typeB\Il2CppOutputProject\IL2CPP\libil2cpp\codegen\il2cpp-codegen-common-small.h(35): note: the template instantiation context (the oldest one first) is
  D:\Type B\typeB\Il2CppOutputProject\Source\il2cppOutput\Unity.Sentis__10.cpp(12662): note: see reference to function template instantiation 'T il2cpp_codegen_cast_double_to_int<int32_t>(double)' being compiled
          with
          [
              T=int32_t
          ]
D:\Type B\typeB\Il2CppOutputProject\IL2CPP\libil2cpp\codegen\il2cpp-codegen-common-small.h(35): warning C4309: 'return': truncation of constant value
  Unity.Sentis__6.cpp
  mscorlib__8.cpp
D:\Type B\typeB\Il2CppOutputProject\IL2CPP\libil2cpp\codegen\il2cpp-codegen-common-small.h(35): warning C4305: 'return': truncation from '__int64' to 'T'
          with
          [
              T=int32_t
          ]
  D:\Type B\typeB\Il2CppOutputProject\IL2CPP\libil2cpp\codegen\il2cpp-codegen-common-small.h(35): note: the template instantiation context (the oldest one first) is
  D:\Type B\typeB\Il2CppOutputProject\Source\il2cppOutput\mscorlib__8.cpp(13489): note: see reference to function template instantiation 'T il2cpp_codegen_cast_double_to_int<int32_t>(double)' being compiled
          with
          [
              T=int32_t
          ]
D:\Type B\typeB\Il2CppOutputProject\IL2CPP\libil2cpp\codegen\il2cpp-codegen-common-small.h(35): warning C4309: 'return': truncation of constant value
  Microsoft.MixedReality.GraphicsTools__1.cpp
D:\Type B\typeB\Il2CppOutputProject\IL2CPP\libil2cpp\codegen\il2cpp-codegen-common-small.h(35): warning C4305: 'return': truncation from '__int64' to 'T'
          with
          [
              T=int32_t
          ]
  D:\Type B\typeB\Il2CppOutputProject\IL2CPP\libil2cpp\codegen\il2cpp-codegen-common-small.h(35): note: the template instantiation context (the oldest one first) is
  D:\Type B\typeB\Il2CppOutputProject\Source\il2cppOutput\Microsoft.MixedReality.GraphicsTools__1.cpp(26457): note: see reference to function template instantiation 'T il2cpp_codegen_cast_double_to_int<int32_t>(double)' being compiled
          with
          [
              T=int32_t
          ]
D:\Type B\typeB\Il2CppOutputProject\IL2CPP\libil2cpp\codegen\il2cpp-codegen-common-small.h(35): warning C4309: 'return': truncation of constant value
  Generics__5.cpp
  Generics__81.cpp
  mscorlib__21.cpp
  Generics__74.cpp
  Assembly-CSharp.cpp
  UnityEngine.CoreModule__2.cpp
  mscorlib__5.cpp
D:\Type B\typeB\Il2CppOutputProject\IL2CPP\libil2cpp\codegen\il2cpp-codegen-common-small.h(35): warning C4305: 'return': truncation from '__int64' to 'T'
          with
          [
              T=int32_t
          ]
  D:\Type B\typeB\Il2CppOutputProject\IL2CPP\libil2cpp\codegen\il2cpp-codegen-common-small.h(35): note: the template instantiation context (the oldest one first) is
  D:\Type B\typeB\Il2CppOutputProject\Source\il2cppOutput\mscorlib__5.cpp(8636): note: see reference to function template instantiation 'T il2cpp_codegen_cast_double_to_int<int32_t>(double)' being compiled
          with
          [
              T=int32_t
          ]
D:\Type B\typeB\Il2CppOutputProject\IL2CPP\libil2cpp\codegen\il2cpp-codegen-common-small.h(35): warning C4309: 'return': truncation of constant value
  Unity.Sentis__5.cpp
  Unity.Sentis_CodeGen.c
  Unity.Sentis__2.cpp
D:\Type B\typeB\Il2CppOutputProject\IL2CPP\libil2cpp\codegen\il2cpp-codegen-common-small.h(35): warning C4305: 'return': truncation from '__int64' to 'T'
          with
          [
              T=int32_t
          ]
  D:\Type B\typeB\Il2CppOutputProject\IL2CPP\libil2cpp\codegen\il2cpp-codegen-common-small.h(35): note: the template instantiation context (the oldest one first) is
  D:\Type B\typeB\Il2CppOutputProject\Source\il2cppOutput\Unity.Sentis__2.cpp(9289): note: see reference to function template instantiation 'T il2cpp_codegen_cast_double_to_int<int32_t>(double)' being compiled
          with
          [
              T=int32_t
          ]
D:\Type B\typeB\Il2CppOutputProject\IL2CPP\libil2cpp\codegen\il2cpp-codegen-common-small.h(35): warning C4309: 'return': truncation of constant value
  mscorlib__1.cpp
  UnityEngine.UI__2.cpp
D:\Type B\typeB\Il2CppOutputProject\IL2CPP\libil2cpp\codegen\il2cpp-codegen-common-small.h(35): warning C4305: 'return': truncation from '__int64' to 'T'
          with
          [
              T=int32_t
          ]
  D:\Type B\typeB\Il2CppOutputProject\IL2CPP\libil2cpp\codegen\il2cpp-codegen-common-small.h(35): note: the template instantiation context (the oldest one first) is
  D:\Type B\typeB\Il2CppOutputProject\Source\il2cppOutput\UnityEngine.UI__2.cpp(5833): note: see reference to function template instantiation 'T il2cpp_codegen_cast_double_to_int<int32_t>(double)' being compiled
          with
          [
              T=int32_t
          ]
D:\Type B\typeB\Il2CppOutputProject\IL2CPP\libil2cpp\codegen\il2cpp-codegen-common-small.h(35): warning C4309: 'return': truncation of constant value
  Unity.Sentis__9.cpp
  Generics__11.cpp
  Generics__39.cpp
  Unity.XR.Interaction.Toolkit_CodeGen.c
  Generics__6.cpp
  UnityEngine.UIElementsModule__8.cpp
D:\Type B\typeB\Il2CppOutputProject\IL2CPP\libil2cpp\codegen\il2cpp-codegen-common-small.h(35): warning C4305: 'return': truncation from '__int64' to 'T'
          with
          [
              T=int32_t
          ]
  D:\Type B\typeB\Il2CppOutputProject\IL2CPP\libil2cpp\codegen\il2cpp-codegen-common-small.h(35): note: the template instantiation context (the oldest one first) is
  D:\Type B\typeB\Il2CppOutputProject\Source\il2cppOutput\UnityEngine.UIElementsModule__8.cpp(20588): note: see reference to function template instantiation 'T il2cpp_codegen_cast_double_to_int<int32_t>(double)' being compiled
          with
          [
              T=int32_t
          ]
D:\Type B\typeB\Il2CppOutputProject\IL2CPP\libil2cpp\codegen\il2cpp-codegen-common-small.h(35): warning C4309: 'return': truncation of constant value
  Generics__79.cpp
  UnityEngine.UIElementsModule__11.cpp
D:\Type B\typeB\Il2CppOutputProject\IL2CPP\libil2cpp\codegen\il2cpp-codegen-common-small.h(35): warning C4305: 'return': truncation from '__int64' to 'T'
          with
          [
              T=int32_t
          ]
  D:\Type B\typeB\Il2CppOutputProject\IL2CPP\libil2cpp\codegen\il2cpp-codegen-common-small.h(35): note: the template instantiation context (the oldest one first) is
  D:\Type B\typeB\Il2CppOutputProject\Source\il2cppOutput\UnityEngine.UIElementsModule__11.cpp(22335): note: see reference to function template instantiation 'T il2cpp_codegen_cast_double_to_int<int32_t>(double)' being compiled
          with
          [
              T=int32_t
          ]
D:\Type B\typeB\Il2CppOutputProject\IL2CPP\libil2cpp\codegen\il2cpp-codegen-common-small.h(35): warning C4309: 'return': truncation of constant value
  UnityEngine.UI__3.cpp
D:\Type B\typeB\Il2CppOutputProject\IL2CPP\libil2cpp\codegen\il2cpp-codegen-common-small.h(35): warning C4305: 'return': truncation from '__int64' to 'T'
          with
          [
              T=int32_t
          ]
  D:\Type B\typeB\Il2CppOutputProject\IL2CPP\libil2cpp\codegen\il2cpp-codegen-common-small.h(35): note: the template instantiation context (the oldest one first) is
  D:\Type B\typeB\Il2CppOutputProject\Source\il2cppOutput\UnityEngine.UI__3.cpp(9899): note: see reference to function template instantiation 'T il2cpp_codegen_cast_double_to_int<int32_t>(double)' being compiled
          with
          [
              T=int32_t
          ]
D:\Type B\typeB\Il2CppOutputProject\IL2CPP\libil2cpp\codegen\il2cpp-codegen-common-small.h(35): warning C4309: 'return': truncation of constant value
  Generics__76.cpp
  Generics__71.cpp
  Generics__80.cpp
  Generics__33.cpp
  mscorlib__7.cpp
  Generics__44.cpp
  UnityEngine.UI__1.cpp
D:\Type B\typeB\Il2CppOutputProject\IL2CPP\libil2cpp\codegen\il2cpp-codegen-common-small.h(35): warning C4305: 'return': truncation from '__int64' to 'T'
          with
          [
              T=int32_t
          ]
  D:\Type B\typeB\Il2CppOutputProject\IL2CPP\libil2cpp\codegen\il2cpp-codegen-common-small.h(35): note: the template instantiation context (the oldest one first) is
  D:\Type B\typeB\Il2CppOutputProject\Source\il2cppOutput\UnityEngine.UI__1.cpp(30106): note: see reference to function template instantiation 'T il2cpp_codegen_cast_double_to_int<int32_t>(double)' being compiled
          with
          [
              T=int32_t
          ]
D:\Type B\typeB\Il2CppOutputProject\IL2CPP\libil2cpp\codegen\il2cpp-codegen-common-small.h(35): warning C4309: 'return': truncation of constant value
  Generics__91.cpp
D:\Type B\typeB\Il2CppOutputProject\IL2CPP\libil2cpp\codegen\il2cpp-codegen-common-small.h(35): warning C4305: 'return': truncation from '__int64' to 'T'
          with
          [
              T=int32_t
          ]
  D:\Type B\typeB\Il2CppOutputProject\IL2CPP\libil2cpp\codegen\il2cpp-codegen-common-small.h(35): note: the template instantiation context (the oldest one first) is
  D:\Type B\typeB\Il2CppOutputProject\Source\il2cppOutput\Generics__91.cpp(28798): note: see reference to function template instantiation 'T il2cpp_codegen_cast_double_to_int<int32_t>(double)' being compiled
          with
          [
              T=int32_t
          ]
D:\Type B\typeB\Il2CppOutputProject\IL2CPP\libil2cpp\codegen\il2cpp-codegen-common-small.h(35): warning C4309: 'return': truncation of constant value
  Generics__26.cpp
  UnityEngine.UIElementsModule__9.cpp
  mscorlib__20.cpp
D:\Type B\typeB\Il2CppOutputProject\IL2CPP\libil2cpp\codegen\il2cpp-codegen-common-small.h(35): warning C4305: 'return': truncation from '__int64' to 'T'
          with
          [
              T=int32_t
          ]
  D:\Type B\typeB\Il2CppOutputProject\IL2CPP\libil2cpp\codegen\il2cpp-codegen-common-small.h(35): note: the template instantiation context (the oldest one first) is
  D:\Type B\typeB\Il2CppOutputProject\Source\il2cppOutput\mscorlib__20.cpp(11655): note: see reference to function template instantiation 'T il2cpp_codegen_cast_double_to_int<int32_t>(double)' being compiled
          with
          [
              T=int32_t
          ]
D:\Type B\typeB\Il2CppOutputProject\IL2CPP\libil2cpp\codegen\il2cpp-codegen-common-small.h(35): warning C4309: 'return': truncation of constant value
  Generics__36.cpp
  Unity.Sentis__8.cpp
D:\Type B\typeB\Il2CppOutputProject\IL2CPP\libil2cpp\codegen\il2cpp-codegen-common-small.h(35): warning C4305: 'return': truncation from '__int64' to 'T'
          with
          [
              T=int32_t
          ]
  D:\Type B\typeB\Il2CppOutputProject\IL2CPP\libil2cpp\codegen\il2cpp-codegen-common-small.h(35): note: the template instantiation context (the oldest one first) is
  D:\Type B\typeB\Il2CppOutputProject\Source\il2cppOutput\Unity.Sentis__8.cpp(13909): note: see reference to function template instantiation 'T il2cpp_codegen_cast_double_to_int<int32_t>(double)' being compiled
          with
          [
              T=int32_t
          ]
D:\Type B\typeB\Il2CppOutputProject\IL2CPP\libil2cpp\codegen\il2cpp-codegen-common-small.h(35): warning C4309: 'return': truncation of constant value
  Generics__43.cpp
  Generics__34.cpp
  UnityEngine.TextCoreTextEngineModule__2.cpp
D:\Type B\typeB\Il2CppOutputProject\IL2CPP\libil2cpp\codegen\il2cpp-codegen-common-small.h(35): warning C4305: 'return': truncation from '__int64' to 'T'
          with
          [
              T=int32_t
          ]
  D:\Type B\typeB\Il2CppOutputProject\IL2CPP\libil2cpp\codegen\il2cpp-codegen-common-small.h(35): note: the template instantiation context (the oldest one first) is
  D:\Type B\typeB\Il2CppOutputProject\Source\il2cppOutput\UnityEngine.TextCoreTextEngineModule__2.cpp(7966): note: see reference to function template instantiation 'T il2cpp_codegen_cast_double_to_int<int32_t>(double)' being compiled
          with
          [
              T=int32_t
          ]
D:\Type B\typeB\Il2CppOutputProject\IL2CPP\libil2cpp\codegen\il2cpp-codegen-common-small.h(35): warning C4309: 'return': truncation of constant value
  MixedReality.Toolkit.Input__1.cpp
  Il2CppCCWs__128.cpp
  Generics__35.cpp
  mscorlib__6.cpp
  Generics__85.cpp
  UnityEngine.UIElementsModule__10.cpp
D:\Type B\typeB\Il2CppOutputProject\IL2CPP\libil2cpp\codegen\il2cpp-codegen-common-small.h(35): warning C4305: 'return': truncation from '__int64' to 'T'
          with
          [
              T=int32_t
          ]
  D:\Type B\typeB\Il2CppOutputProject\IL2CPP\libil2cpp\codegen\il2cpp-codegen-common-small.h(35): note: the template instantiation context (the oldest one first) is
  D:\Type B\typeB\Il2CppOutputProject\Source\il2cppOutput\UnityEngine.UIElementsModule__10.cpp(25357): note: see reference to function template instantiation 'T il2cpp_codegen_cast_double_to_int<int32_t>(double)' being compiled
          with
          [
              T=int32_t
          ]
D:\Type B\typeB\Il2CppOutputProject\IL2CPP\libil2cpp\codegen\il2cpp-codegen-common-small.h(35): warning C4309: 'return': truncation of constant value
  Unity.TextMeshPro__2.cpp
D:\Type B\typeB\Il2CppOutputProject\IL2CPP\libil2cpp\codegen\il2cpp-codegen-common-small.h(35): warning C4305: 'return': truncation from '__int64' to 'T'
          with
          [
              T=int32_t
          ]
  D:\Type B\typeB\Il2CppOutputProject\IL2CPP\libil2cpp\codegen\il2cpp-codegen-common-small.h(35): note: the template instantiation context (the oldest one first) is
  D:\Type B\typeB\Il2CppOutputProject\Source\il2cppOutput\Unity.TextMeshPro__2.cpp(25540): note: see reference to function template instantiation 'T il2cpp_codegen_cast_double_to_int<int32_t>(double)' being compiled
          with
          [
              T=int32_t
          ]
D:\Type B\typeB\Il2CppOutputProject\IL2CPP\libil2cpp\codegen\il2cpp-codegen-common-small.h(35): warning C4309: 'return': truncation of constant value
  Generics__92.cpp
D:\Type B\typeB\Il2CppOutputProject\IL2CPP\libil2cpp\codegen\il2cpp-codegen-common-small.h(35): warning C4305: 'return': truncation from '__int64' to 'T'
          with
          [
              T=int32_t
          ]
  D:\Type B\typeB\Il2CppOutputProject\IL2CPP\libil2cpp\codegen\il2cpp-codegen-common-small.h(35): note: the template instantiation context (the oldest one first) is
  D:\Type B\typeB\Il2CppOutputProject\Source\il2cppOutput\Generics__92.cpp(21317): note: see reference to function template instantiation 'T il2cpp_codegen_cast_double_to_int<int32_t>(double)' being compiled
          with
          [
              T=int32_t
          ]
D:\Type B\typeB\Il2CppOutputProject\IL2CPP\libil2cpp\codegen\il2cpp-codegen-common-small.h(35): warning C4309: 'return': truncation of constant value
  mscorlib__13.cpp
  Assembly-CSharp__1.cpp
D:\Type B\typeB\Il2CppOutputProject\IL2CPP\libil2cpp\codegen\il2cpp-codegen-common-small.h(35): warning C4305: 'return': truncation from '__int64' to 'T'
          with
          [
              T=int32_t
          ]
  D:\Type B\typeB\Il2CppOutputProject\IL2CPP\libil2cpp\codegen\il2cpp-codegen-common-small.h(35): note: the template instantiation context (the oldest one first) is
  D:\Type B\typeB\Il2CppOutputProject\Source\il2cppOutput\Assembly-CSharp__1.cpp(10882): note: see reference to function template instantiation 'T il2cpp_codegen_cast_double_to_int<int32_t>(double)' being compiled
          with
          [
              T=int32_t
          ]
D:\Type B\typeB\Il2CppOutputProject\IL2CPP\libil2cpp\codegen\il2cpp-codegen-common-small.h(35): warning C4309: 'return': truncation of constant value
  GenericMethods__6.cpp
  mscorlib__11.cpp
  mscorlib__4.cpp
  GenericMethods__3.cpp
  Generics__75.cpp
  Il2CppCCWs__150.cpp
  Generics__40.cpp
  System__3.cpp
D:\Type B\typeB\Il2CppOutputProject\IL2CPP\libil2cpp\codegen\il2cpp-codegen-common-small.h(35): warning C4305: 'return': truncation from '__int64' to 'T'
          with
          [
              T=int32_t
          ]
  D:\Type B\typeB\Il2CppOutputProject\IL2CPP\libil2cpp\codegen\il2cpp-codegen-common-small.h(35): note: the template instantiation context (the oldest one first) is
  D:\Type B\typeB\Il2CppOutputProject\Source\il2cppOutput\System__3.cpp(15885): note: see reference to function template instantiation 'T il2cpp_codegen_cast_double_to_int<int32_t>(double)' being compiled
          with
          [
              T=int32_t
          ]
D:\Type B\typeB\Il2CppOutputProject\IL2CPP\libil2cpp\codegen\il2cpp-codegen-common-small.h(35): warning C4309: 'return': truncation of constant value
  Microsoft.MixedReality.GraphicsTools.cpp
  Unity.XR.CoreUtils.cpp
D:\Type B\typeB\Il2CppOutputProject\IL2CPP\libil2cpp\codegen\il2cpp-codegen-common-small.h(35): warning C4305: 'return': truncation from '__int64' to 'T'
          with
          [
              T=int32_t
          ]
  D:\Type B\typeB\Il2CppOutputProject\IL2CPP\libil2cpp\codegen\il2cpp-codegen-common-small.h(35): note: the template instantiation context (the oldest one first) is
  D:\Type B\typeB\Il2CppOutputProject\Source\il2cppOutput\Unity.XR.CoreUtils.cpp(23761): note: see reference to function template instantiation 'T il2cpp_codegen_cast_double_to_int<int32_t>(double)' being compiled
          with
          [
              T=int32_t
          ]
D:\Type B\typeB\Il2CppOutputProject\IL2CPP\libil2cpp\codegen\il2cpp-codegen-common-small.h(35): warning C4309: 'return': truncation of constant value
  UnityEngine.UIElementsModule__6.cpp
D:\Type B\typeB\Il2CppOutputProject\IL2CPP\libil2cpp\codegen\il2cpp-codegen-common-small.h(35): warning C4305: 'return': truncation from '__int64' to 'T'
          with
          [
              T=int32_t
          ]
  D:\Type B\typeB\Il2CppOutputProject\IL2CPP\libil2cpp\codegen\il2cpp-codegen-common-small.h(35): note: the template instantiation context (the oldest one first) is
  D:\Type B\typeB\Il2CppOutputProject\Source\il2cppOutput\UnityEngine.UIElementsModule__6.cpp(8751): note: see reference to function template instantiation 'T il2cpp_codegen_cast_double_to_int<int32_t>(double)' being compiled
          with
          [
              T=int32_t
          ]
D:\Type B\typeB\Il2CppOutputProject\IL2CPP\libil2cpp\codegen\il2cpp-codegen-common-small.h(35): warning C4309: 'return': truncation of constant value
  mscorlib__18.cpp
  Generics__94.cpp
D:\Type B\typeB\Il2CppOutputProject\IL2CPP\libil2cpp\codegen\il2cpp-codegen-common-small.h(35): warning C4305: 'return': truncation from '__int64' to 'T'
          with
          [
              T=int32_t
          ]
  D:\Type B\typeB\Il2CppOutputProject\IL2CPP\libil2cpp\codegen\il2cpp-codegen-common-small.h(35): note: the template instantiation context (the oldest one first) is
  D:\Type B\typeB\Il2CppOutputProject\Source\il2cppOutput\Generics__94.cpp(25012): note: see reference to function template instantiation 'T il2cpp_codegen_cast_double_to_int<int32_t>(double)' being compiled
          with
          [
              T=int32_t
          ]
D:\Type B\typeB\Il2CppOutputProject\IL2CPP\libil2cpp\codegen\il2cpp-codegen-common-small.h(35): warning C4309: 'return': truncation of constant value
  mscorlib.cpp
  Unity.InputSystem__3.cpp
  UnityEngine.IMGUIModule.cpp
  Mono.Security.cpp
  GenericMethods__7.cpp
  mscorlib__3.cpp
  Generics__68.cpp
  Il2CppCCWs__155.cpp
  Generics__69.cpp
  Generics__62.cpp
  Generics__70.cpp
  Generics__23.cpp
  Generics__20.cpp
  mscorlib__10.cpp
  Generics__60.cpp
  Assembly-CSharp__2.cpp
D:\Type B\typeB\Il2CppOutputProject\IL2CPP\libil2cpp\codegen\il2cpp-codegen-common-small.h(35): warning C4305: 'return': truncation from '__int64' to 'T'
          with
          [
              T=int32_t
          ]
  D:\Type B\typeB\Il2CppOutputProject\IL2CPP\libil2cpp\codegen\il2cpp-codegen-common-small.h(35): note: the template instantiation context (the oldest one first) is
  D:\Type B\typeB\Il2CppOutputProject\Source\il2cppOutput\Assembly-CSharp__2.cpp(8829): note: see reference to function template instantiation 'T il2cpp_codegen_cast_double_to_int<int32_t>(double)' being compiled
          with
          [
              T=int32_t
          ]
D:\Type B\typeB\Il2CppOutputProject\IL2CPP\libil2cpp\codegen\il2cpp-codegen-common-small.h(35): warning C4309: 'return': truncation of constant value
  Generics__67.cpp
  Generics__24.cpp
  Generics__64.cpp
  Generics__65.cpp
  Generics__93.cpp
D:\Type B\typeB\Il2CppOutputProject\IL2CPP\libil2cpp\codegen\il2cpp-codegen-common-small.h(35): warning C4305: 'return': truncation from '__int64' to 'T'
          with
          [
              T=int32_t
          ]
  D:\Type B\typeB\Il2CppOutputProject\IL2CPP\libil2cpp\codegen\il2cpp-codegen-common-small.h(35): note: the template instantiation context (the oldest one first) is
  D:\Type B\typeB\Il2CppOutputProject\Source\il2cppOutput\Generics__93.cpp(21336): note: see reference to function template instantiation 'T il2cpp_codegen_cast_double_to_int<int32_t>(double)' being compiled
          with
          [
              T=int32_t
          ]
D:\Type B\typeB\Il2CppOutputProject\IL2CPP\libil2cpp\codegen\il2cpp-codegen-common-small.h(35): warning C4309: 'return': truncation of constant value
  Generics__63.cpp
  UnityEngine.CoreModule_CodeGen.c
  Generics__66.cpp
  Il2CppCCWs__130.cpp
  Generics__21.cpp
  Il2CppCCWs__9.cpp
  Generics__18.cpp
  Generics__61.cpp
  Generics__25.cpp
  Generics__22.cpp
  Generics__19.cpp
  Microsoft.MixedReality.GraphicsTools__2.cpp
  Unity.InputSystem__11.cpp
D:\Type B\typeB\Il2CppOutputProject\IL2CPP\libil2cpp\codegen\il2cpp-codegen-common-small.h(35): warning C4305: 'return': truncation from '__int64' to 'T'
          with
          [
              T=int32_t
          ]
  D:\Type B\typeB\Il2CppOutputProject\IL2CPP\libil2cpp\codegen\il2cpp-codegen-common-small.h(35): note: the template instantiation context (the oldest one first) is
  D:\Type B\typeB\Il2CppOutputProject\Source\il2cppOutput\Unity.InputSystem__11.cpp(8347): note: see reference to function template instantiation 'T il2cpp_codegen_cast_double_to_int<int32_t>(double)' being compiled
          with
          [
              T=int32_t
          ]
D:\Type B\typeB\Il2CppOutputProject\IL2CPP\libil2cpp\codegen\il2cpp-codegen-common-small.h(35): warning C4309: 'return': truncation of constant value
  Il2CppCCWs__159.cpp
  System__2.cpp
  Il2CppCCWs__145.cpp
  mscorlib__12.cpp
  Il2CppCCTypeValuesTable.cpp
  UnityEngine.UIElementsModule__12.cpp
  System.Runtime.WindowsRuntime.cpp
  MixedReality.Toolkit.SpatialManipulation__1.cpp
D:\Type B\typeB\Il2CppOutputProject\IL2CPP\libil2cpp\codegen\il2cpp-codegen-common-small.h(35): warning C4305: 'return': truncation from '__int64' to 'T'
          with
          [
              T=int32_t
          ]
  D:\Type B\typeB\Il2CppOutputProject\IL2CPP\libil2cpp\codegen\il2cpp-codegen-common-small.h(35): note: the template instantiation context (the oldest one first) is
  D:\Type B\typeB\Il2CppOutputProject\Source\il2cppOutput\MixedReality.Toolkit.SpatialManipulation__1.cpp(12881): note: see reference to function template instantiation 'T il2cpp_codegen_cast_double_to_int<int32_t>(double)' being compiled
          with
          [
              T=int32_t
          ]
D:\Type B\typeB\Il2CppOutputProject\IL2CPP\libil2cpp\codegen\il2cpp-codegen-common-small.h(35): warning C4309: 'return': truncation of constant value
  Generics__95.cpp
  Il2CppCCWs__165.cpp
  System__1.cpp
  Il2CppCCWs__119.cpp
  Il2CppCCWs__157.cpp
  Unity.XR.OpenXR__1.cpp
  MixedReality.Toolkit.UXCore__1.cpp
D:\Type B\typeB\Il2CppOutputProject\IL2CPP\libil2cpp\codegen\il2cpp-codegen-common-small.h(35): warning C4305: 'return': truncation from '__int64' to 'T'
          with
          [
              T=int32_t
          ]
  D:\Type B\typeB\Il2CppOutputProject\IL2CPP\libil2cpp\codegen\il2cpp-codegen-common-small.h(35): note: the template instantiation context (the oldest one first) is
  D:\Type B\typeB\Il2CppOutputProject\Source\il2cppOutput\MixedReality.Toolkit.UXCore__1.cpp(6236): note: see reference to function template instantiation 'T il2cpp_codegen_cast_double_to_int<int32_t>(double)' being compiled
          with
          [
              T=int32_t
          ]
D:\Type B\typeB\Il2CppOutputProject\IL2CPP\libil2cpp\codegen\il2cpp-codegen-common-small.h(35): warning C4309: 'return': truncation of constant value
  System_CodeGen.c
  Il2CppCCWs__169.cpp
  Il2CppRgctxTable.c
  Il2CppCCWs__80.cpp
  Il2CppCCWs__13.cpp
  Il2CppCCWs__152.cpp
  UnityEngine.AndroidJNIModule.cpp
  Unity.Burst.cpp
D:\Type B\typeB\Il2CppOutputProject\IL2CPP\libil2cpp\codegen\il2cpp-codegen-common-small.h(35): warning C4305: 'return': truncation from '__int64' to 'T'
          with
          [
              T=int32_t
          ]
  D:\Type B\typeB\Il2CppOutputProject\IL2CPP\libil2cpp\codegen\il2cpp-codegen-common-small.h(35): note: the template instantiation context (the oldest one first) is
  D:\Type B\typeB\Il2CppOutputProject\Source\il2cppOutput\Unity.Burst.cpp(12218): note: see reference to function template instantiation 'T il2cpp_codegen_cast_double_to_int<int32_t>(double)' being compiled
          with
          [
              T=int32_t
          ]
D:\Type B\typeB\Il2CppOutputProject\IL2CPP\libil2cpp\codegen\il2cpp-codegen-common-small.h(35): warning C4309: 'return': truncation of constant value
  Il2CppCCWs__66.cpp
  Il2CppCCWs__65.cpp
  UnityEngine.TextCoreTextEngineModule__1.cpp
D:\Type B\typeB\Il2CppOutputProject\IL2CPP\libil2cpp\codegen\il2cpp-codegen-common-small.h(35): warning C4305: 'return': truncation from '__int64' to 'T'
          with
          [
              T=int32_t
          ]
  D:\Type B\typeB\Il2CppOutputProject\IL2CPP\libil2cpp\codegen\il2cpp-codegen-common-small.h(35): note: the template instantiation context (the oldest one first) is
  D:\Type B\typeB\Il2CppOutputProject\Source\il2cppOutput\UnityEngine.TextCoreTextEngineModule__1.cpp(8405): note: see reference to function template instantiation 'T il2cpp_codegen_cast_double_to_int<int32_t>(double)' being compiled
          with
          [
              T=int32_t
          ]
D:\Type B\typeB\Il2CppOutputProject\IL2CPP\libil2cpp\codegen\il2cpp-codegen-common-small.h(35): warning C4309: 'return': truncation of constant value
  Il2CppCCWs__12.cpp
  Il2CppCCWs__47.cpp
  Il2CppCCWs__161.cpp
  Il2CppCCWs__118.cpp
  Il2CppCCWs__185.cpp
  Il2CppCCWs__64.cpp
  UnityEngine.XRModule.cpp
  Il2CppCCWs__144.cpp
  Unity.TextMeshPro.cpp
D:\Type B\typeB\Il2CppOutputProject\IL2CPP\libil2cpp\codegen\il2cpp-codegen-common-small.h(35): warning C4305: 'return': truncation from '__int64' to 'T'
          with
          [
              T=int32_t
          ]
  D:\Type B\typeB\Il2CppOutputProject\IL2CPP\libil2cpp\codegen\il2cpp-codegen-common-small.h(35): note: the template instantiation context (the oldest one first) is
  D:\Type B\typeB\Il2CppOutputProject\Source\il2cppOutput\Unity.TextMeshPro.cpp(8068): note: see reference to function template instantiation 'T il2cpp_codegen_cast_double_to_int<int32_t>(double)' being compiled
          with
          [
              T=int32_t
          ]
D:\Type B\typeB\Il2CppOutputProject\IL2CPP\libil2cpp\codegen\il2cpp-codegen-common-small.h(35): warning C4309: 'return': truncation of constant value
  Il2CppCCWs__71.cpp
  Il2CppCCWs__69.cpp
  WindowsRuntimeMetadata.cpp
  mscorlib__19.cpp
D:\Type B\typeB\Il2CppOutputProject\IL2CPP\libil2cpp\codegen\il2cpp-codegen-common-small.h(35): warning C4305: 'return': truncation from '__int64' to 'T'
          with
          [
              T=int32_t
          ]
  D:\Type B\typeB\Il2CppOutputProject\IL2CPP\libil2cpp\codegen\il2cpp-codegen-common-small.h(35): note: the template instantiation context (the oldest one first) is
  D:\Type B\typeB\Il2CppOutputProject\Source\il2cppOutput\mscorlib__19.cpp(4602): note: see reference to function template instantiation 'T il2cpp_codegen_cast_double_to_int<int32_t>(double)' being compiled
          with
          [
              T=int32_t
          ]
D:\Type B\typeB\Il2CppOutputProject\IL2CPP\libil2cpp\codegen\il2cpp-codegen-common-small.h(35): warning C4309: 'return': truncation of constant value
  UnityEngine.UI_CodeGen.c
  Il2CppCCWs__79.cpp
  Il2CppCCWs__67.cpp
  System.Numerics.cpp
  Il2CppCCWs__77.cpp
  I18N.CJK.cpp
  Il2CppCCWs__151.cpp
  Il2CppCCWs__167.cpp
  Il2CppCCWs__70.cpp
  Unity.TextMeshPro__1.cpp
D:\Type B\typeB\Il2CppOutputProject\IL2CPP\libil2cpp\codegen\il2cpp-codegen-common-small.h(35): warning C4305: 'return': truncation from '__int64' to 'T'
          with
          [
              T=int32_t
          ]
  D:\Type B\typeB\Il2CppOutputProject\IL2CPP\libil2cpp\codegen\il2cpp-codegen-common-small.h(35): note: the template instantiation context (the oldest one first) is
  D:\Type B\typeB\Il2CppOutputProject\Source\il2cppOutput\Unity.TextMeshPro__1.cpp(8208): note: see reference to function template instantiation 'T il2cpp_codegen_cast_double_to_int<int32_t>(double)' being compiled
          with
          [
              T=int32_t
          ]
D:\Type B\typeB\Il2CppOutputProject\IL2CPP\libil2cpp\codegen\il2cpp-codegen-common-small.h(35): warning C4309: 'return': truncation of constant value
  Il2CppCCWs__8.cpp
  UnityEngine.TextCoreTextEngineModule.cpp
D:\Type B\typeB\Il2CppOutputProject\IL2CPP\libil2cpp\codegen\il2cpp-codegen-common-small.h(35): warning C4305: 'return': truncation from '__int64' to 'T'
          with
          [
              T=int32_t
          ]
  D:\Type B\typeB\Il2CppOutputProject\IL2CPP\libil2cpp\codegen\il2cpp-codegen-common-small.h(35): note: the template instantiation context (the oldest one first) is
  D:\Type B\typeB\Il2CppOutputProject\Source\il2cppOutput\UnityEngine.TextCoreTextEngineModule.cpp(6388): note: see reference to function template instantiation 'T il2cpp_codegen_cast_double_to_int<int32_t>(double)' being compiled
          with
          [
              T=int32_t
          ]
D:\Type B\typeB\Il2CppOutputProject\IL2CPP\libil2cpp\codegen\il2cpp-codegen-common-small.h(35): warning C4309: 'return': truncation of constant value
  Il2CppCCWs__68.cpp
  Il2CppCCWs__154.cpp
  Il2CppCCWs__160.cpp
  Il2CppCCWs__126.cpp
  Il2CppCCWs__46.cpp
  Unity.TextMeshPro_CodeGen.c
  Il2CppCCWs.cpp
  dictionary.c
  Il2CppCCWs__124.cpp
  Il2CppCCWs__43.cpp
  I18N.cpp
  Mono.Security__1.cpp
  Il2CppCCWs__158.cpp
  Il2CppCCWs__120.cpp
  Il2CppCCWs__45.cpp
  Il2CppCCWs__7.cpp
  System.Core.cpp
  Il2CppCCWs__125.cpp
  Il2CppCCWs__121.cpp
  Il2CppCCWs__48.cpp
  Il2CppCCWs__141.cpp
  Il2CppCCWs__171.cpp
  Il2CppCCFieldValuesTable.cpp
  Il2CppCCWs__44.cpp
  char-conversions.cpp
  Unity.Sentis__11.cpp
  Il2CppCCWs__123.cpp
  UnityEngine.TextCoreTextEngineModule__3.cpp
D:\Type B\typeB\Il2CppOutputProject\IL2CPP\libil2cpp\codegen\il2cpp-codegen-common-small.h(35): warning C4305: 'return': truncation from '__int64' to 'T'
          with
          [
              T=int32_t
          ]
  D:\Type B\typeB\Il2CppOutputProject\IL2CPP\libil2cpp\codegen\il2cpp-codegen-common-small.h(35): note: the template instantiation context (the oldest one first) is
  D:\Type B\typeB\Il2CppOutputProject\Source\il2cppOutput\UnityEngine.TextCoreTextEngineModule__3.cpp(6161): note: see reference to function template instantiation 'T il2cpp_codegen_cast_double_to_int<int32_t>(double)' being compiled
          with
          [
              T=int32_t
          ]
D:\Type B\typeB\Il2CppOutputProject\IL2CPP\libil2cpp\codegen\il2cpp-codegen-common-small.h(35): warning C4309: 'return': truncation of constant value
  Il2CppCCWs__164.cpp
  Unity.XR.ARFoundation_CodeGen.c
  Il2CppCCWs__6.cpp
  Il2CppCCWs__122.cpp
  Il2CppCCWs__153.cpp
  Il2CppCCWs__142.cpp
  Il2CppCCWs__127.cpp
  Il2CppCCWs__76.cpp
  Il2CppCCWs__139.cpp
  Il2CppCCWs__117.cpp
  UnityEngine.UIElementsNativeModule.cpp
  Il2CppCCWs__143.cpp
  mscorlib__22.cpp
  Il2CppCCWs__11.cpp
  Il2CppCCWs__140.cpp
  Il2CppCCWs__162.cpp
  Il2CppCCWs__10.cpp
  Il2CppCCWs__138.cpp
  MixedReality.Toolkit.Speech.Windows.cpp
  Il2CppCCWs__54.cpp
  Il2CppCCWs__75.cpp
  Il2CppCCWs__74.cpp
  Il2CppCCWs__78.cpp
  Il2CppCCWs__180.cpp
  Unity.XR.ARSubsystems_CodeGen.c
  Il2CppCCWs__49.cpp
  I18N.Rare.cpp
  Il2CppCCWs__56.cpp
  I18N.Rare__1.cpp
  I18N.Rare__2.cpp
  Il2CppCCWs__51.cpp
  Il2CppCCWs__52.cpp
  Il2CppCCWs__55.cpp
  Il2CppCCWs__50.cpp
  System__5.cpp
  I18N.West.cpp
  Unity.XR.OpenXR_CodeGen.c
  I18N.Rare__4.cpp
  Il2CppCCWs__53.cpp
  Il2CppCCWs__184.cpp
  I18N.Other.cpp
  I18N.Rare__3.cpp
  Il2CppCCWs__147.cpp
  Il2CppCCWs__186.cpp
  MixedReality.Toolkit.Core_CodeGen.c
  MixedReality.Toolkit.Input_CodeGen.c
  Unity.Mathematics.cpp
  Il2CppCCWs__177.cpp
  UnityEngine.UnityWebRequestModule.cpp
  UnityEngine.TextCoreFontEngineModule.cpp
  Il2CppCCWs__181.cpp
  Il2CppCCWs__178.cpp
  UnityEngine.PhysicsModule.cpp
  MixedReality.Toolkit.UXCore_CodeGen.c
  Il2CppCCWs__4.cpp
  Il2CppCCWs__42.cpp
  UnityEngine.AnimationModule.cpp
  MixedReality.Toolkit.SpatialManipulation_CodeGen.c
  Microsoft.MixedReality.OpenXR_CodeGen.c
  Il2CppCCWs__2.cpp
  Il2CppCCWs__149.cpp
  Il2CppCCWs__3.cpp
  MixedReality.Toolkit.Core__1.cpp
  I18N.West__1.cpp
  Il2CppCCWs__5.cpp
  Il2CppCCWs__176.cpp
  Il2CppCCWs__148.cpp
  Unity.TextMeshPro__6.cpp
  UnityEngine.UIModule.cpp
  Il2CppCCWs__57.cpp
  Assembly-CSharp_CodeGen.c
  I18N.MidEast.cpp
  Il2CppCCWs__182.cpp
  Il2CppCCWs__137.cpp
  Il2CppCCWs__132.cpp
  Il2CppCCWs__135.cpp
  Microsoft.MixedReality.GraphicsTools_CodeGen.c
  UnityEngine.TerrainModule.cpp
D:\Type B\typeB\Il2CppOutputProject\IL2CPP\libil2cpp\codegen\il2cpp-codegen-common-small.h(35): warning C4305: 'return': truncation from '__int64' to 'T'
          with
          [
              T=int32_t
          ]
  D:\Type B\typeB\Il2CppOutputProject\IL2CPP\libil2cpp\codegen\il2cpp-codegen-common-small.h(35): note: the template instantiation context (the oldest one first) is
  D:\Type B\typeB\Il2CppOutputProject\Source\il2cppOutput\UnityEngine.TerrainModule.cpp(3796): note: see reference to function template instantiation 'T il2cpp_codegen_cast_double_to_int<int32_t>(double)' being compiled
          with
          [
              T=int32_t
          ]
D:\Type B\typeB\Il2CppOutputProject\IL2CPP\libil2cpp\codegen\il2cpp-codegen-common-small.h(35): warning C4309: 'return': truncation of constant value
  Unity.XR.CoreUtils_CodeGen.c
  Il2CppCCWs__166.cpp
  Il2CppCCWs__163.cpp
  Il2CppCCWs__156.cpp
  Il2CppCCWs__82.cpp
  System.Core_CodeGen.c
  Il2CppCCWs__134.cpp
  Unity.XR.Management.cpp
  Il2CppCCWs__116.cpp
  Il2CppCCWs__81.cpp
  UnityEngine.SubsystemsModule.cpp
  UnityEngine.TextRenderingModule.cpp
  Il2CppCCWs__136.cpp
  Il2CppCCWs__84.cpp
  Il2CppCCWs__175.cpp
  UnityEngine.Physics2DModule.cpp
  Il2CppCCWs__131.cpp
  Il2CppCCWs__133.cpp
  UnityEngine.AudioModule.cpp
  dictionary_hash.c
  Unity.XR.OpenXR.Features.MockRuntime.cpp
  UnityEngine.InputLegacyModule.cpp
D:\Type B\typeB\Il2CppOutputProject\IL2CPP\libil2cpp\codegen\il2cpp-codegen-common-small.h(35): warning C4305: 'return': truncation from '__int64' to 'T'
          with
          [
              T=int32_t
          ]
  D:\Type B\typeB\Il2CppOutputProject\IL2CPP\libil2cpp\codegen\il2cpp-codegen-common-small.h(35): note: the template instantiation context (the oldest one first) is
  D:\Type B\typeB\Il2CppOutputProject\Source\il2cppOutput\UnityEngine.InputLegacyModule.cpp(2068): note: see reference to function template instantiation 'T il2cpp_codegen_cast_double_to_int<int32_t>(double)' being compiled
          with
          [
              T=int32_t
          ]
D:\Type B\typeB\Il2CppOutputProject\IL2CPP\libil2cpp\codegen\il2cpp-codegen-common-small.h(35): warning C4309: 'return': truncation of constant value
  Il2CppCCWs__87.cpp
  UnityEngine.IMGUIModule_CodeGen.c
  Il2CppCCWs__106.cpp
  Il2CppCCWs__100.cpp
  Il2CppCCWs__83.cpp
  UnityEngine.SpatialTracking.cpp
  UnityEngine.TextCoreTextEngineModule_CodeGen.c
  Il2CppCCWs__101.cpp
  Il2CppCCWs__97.cpp
  Il2CppCCWs__103.cpp
  Il2CppCCWs__109.cpp
  Il2CppCCWs__93.cpp
  Il2CppCCWs__107.cpp
  Il2CppCCWs__85.cpp
  System.Runtime.WindowsRuntime_CodeGen.c
  Il2CppCCWs__105.cpp
  Il2CppCCWs__104.cpp
  Il2CppCCWs__94.cpp
  UnityEngine.SharedInternalsModule.cpp
  Il2CppCCWs__99.cpp
  Il2CppCCWs__98.cpp
  Il2CppCCWs__1.cpp
  Il2CppCCWs__96.cpp
  Il2CppCCWs__102.cpp
  UnityEngine.TilemapModule.cpp
  Il2CppCCWs__174.cpp
  Il2CppCCWs__112.cpp
  Il2CppCCWs__108.cpp
  Il2CppCCWs__86.cpp
  Il2CppCCWs__110.cpp
  Il2CppCCWs__95.cpp
  Il2CppCCWs__89.cpp
  Il2CppCCWs__88.cpp
  Il2CppCCWs__113.cpp
  Mono.Security_CodeGen.c
  WindowsRuntimeMetadata_CodeGen.c
  Il2CppCCWs__179.cpp
  __Generated.cpp
  UnityEngine.AndroidJNIModule_CodeGen.c
  Il2CppCCWs__115.cpp
  Il2CppGenericComDefinitions.cpp
  Il2CppCCWs__114.cpp
  UnityEngine.VFXModule.cpp
  Il2CppCCWs__73.cpp
  Il2CppCCWs__92.cpp
  deflate.c
D:\Type B\typeB\Il2CppOutputProject\IL2CPP\external\zlib\deflate.c(1915): warning C4244: '=': conversion from 'ush' to 'uchf', possible loss of data
D:\Type B\typeB\Il2CppOutputProject\IL2CPP\external\zlib\deflate.c(2040): warning C4244: '=': conversion from 'ush' to 'uchf', possible loss of data
D:\Type B\typeB\Il2CppOutputProject\IL2CPP\external\zlib\deflate.c(2150): warning C4244: '=': conversion from 'ush' to 'uchf', possible loss of data
  Il2CppCCWs__90.cpp
  UnityEngine.UIElementsNativeModule_CodeGen.c
  Il2CppCCWs__111.cpp
  Il2CppCCWs__91.cpp
  UnityEngine.XRModule_CodeGen.c
  UnityEngine.UnityAnalyticsModule.cpp
  UnityEngine.ParticleSystemModule.cpp
  Il2CppCCWs__72.cpp
  I18N.Rare__5.cpp
  I18N.Rare_CodeGen.c
  __Generated_CodeGen.c
  Il2CppCCWs__172.cpp
  Il2CppCCWs__20.cpp
  Unity.XR.OpenXR.Features.ConformanceAutomation.cpp
  Il2CppCCWs__31.cpp
  UnityEngine.VideoModule.cpp
  Il2CppCCWs__21.cpp
  Unity.Burst_CodeGen.c
  Il2CppCCWs__33.cpp
  Il2CppCCWs__170.cpp
  I18N.CJK_CodeGen.c
  UnityEngine.TextCoreFontEngineModule_CodeGen.c
  Il2CppCCWs__15.cpp
  Il2CppCCWs__26.cpp
  Il2CppCCWs__37.cpp
  UnityEngine.PhysicsModule_CodeGen.c
  Il2CppCCWs__39.cpp
  Il2CppCCWs__29.cpp
  Il2CppCCWs__14.cpp
  UnityEngine.InputModule.cpp
  Il2CppCCWs__30.cpp
  inflate.c
  decode.c
  Il2CppCCWs__22.cpp
  Il2CppCCWs__32.cpp
  Il2CppCCWs__38.cpp
  Il2CppCCWs__41.cpp
  Il2CppCCWs__18.cpp
  UnityEngine.SubsystemsModule_CodeGen.c
  brotli_bit_stream.c
  Il2CppCCWs__19.cpp
  Unity.Mathematics_CodeGen.c
  Il2CppCCWs__35.cpp
  Il2CppCCWs__25.cpp
  Il2CppCCWs__36.cpp
  Il2CppCCWs__40.cpp
  Il2CppCCWs__34.cpp
  Il2CppCCWs__17.cpp
  trees.c
  Il2CppCCWs__28.cpp
  Il2CppCCWs__27.cpp
  Il2CppCCWs__62.cpp
  UnityEngine.AnimationModule_CodeGen.c
  Unity.XR.OpenXR.Features.RuntimeDebugger.cpp
  Il2CppCCWs__63.cpp
  UnityEngine.UIModule_CodeGen.c
  Il2CppCCWs__24.cpp
  Il2CppCCWs__23.cpp
  encode.c
  Il2CppCCWs__61.cpp
  Il2CppCCWs__16.cpp
  crc32.c
  Il2CppCCWs__58.cpp
  UnityEngine.UnityWebRequestAudioModule.cpp
  Il2CppCCWs__59.cpp
  Il2CppCCWs__60.cpp
  UnityEngine.JSONSerializeModule.cpp
  I18N_CodeGen.c
  Unity.XR.Management_CodeGen.c
  MixedReality.Toolkit.Speech.Windows_CodeGen.c
  System.Configuration.cpp
  UnityEngine.UnityWebRequestModule_CodeGen.c
  il2cpp-mono-api.cpp
  System.Numerics_CodeGen.c
  xamarin_getifaddrs.c
  I18N.West_CodeGen.c
  UnityEngine.AssetBundleModule.cpp
  UnityEngine.SharedInternalsModule_CodeGen.c
  I18N.Other_CodeGen.c
  UnityEngine.Physics2DModule_CodeGen.c
  UnityEngine.InputLegacyModule_CodeGen.c
  Il2CppCCWs__183.cpp
  gzwrite.c
  gzread.c
  backward_references_hq.c
  infback.c
  UnityEngine.TextRenderingModule_CodeGen.c
  UnityEngine.AudioModule_CodeGen.c
  Unity.XR.OpenXR.Features.MockRuntime_CodeGen.c
  UnityEngine.TilemapModule_CodeGen.c
  UnityEngine.AIModule.cpp
  gzlib.c
  metablock.c
  System.Runtime.WindowsRuntime.UI.Xaml.cpp
  inftrees.c
  entropy_encode.c
  Il2CppCodeRegistration.cpp
  inffast.c
  Unity.XR.OpenXR.Features.MetaQuestSupport.cpp
  UnityEngine.TerrainModule_CodeGen.c
  UnityEngine.SpatialTracking_CodeGen.c
  UnityEngine.DirectorModule.cpp
  I18N.MidEast_CodeGen.c
  UnityEngine.VRModule.cpp
  Il2CppReversePInvokeWrapperTable.cpp
  UnityEngine.ParticleSystemModule_CodeGen.c
  compress_fragment_two_pass.c
  il2cpp-api.cpp
  compress_fragment.c
  huffman.c
  Unity.XR.OpenXR.Features.ConformanceAutomation_CodeGen.c
  UnityEngine.VFXModule_CodeGen.c
  transform.c
  context.c
  Unity.XR.OpenXR.Features.OculusQuestSupport.cpp
  Il2CppCCWs__173.cpp
  UnityEngine.VideoModule_CodeGen.c
  static_dict.c
  UnityEngine.UnityAnalyticsModule_CodeGen.c
  zutil.c
  UnityEngine.InputModule_CodeGen.c
  fast_log.c
  UnityEngine.ImageConversionModule.cpp
  System.Configuration_CodeGen.c
  UnityEngine.IMGUIModule__1.cpp
  literal_cost.c
  System.Xml.cpp
  Unity.XR.OpenXR.Features.RuntimeDebugger_CodeGen.c
  memory.c
  state.c
  UnityEngine.GridModule.cpp
  adler32.c
  Unity.Burst.Unsafe.cpp
  UnityEngine.JSONSerializeModule_CodeGen.c
  UnityEngine.SpriteShapeModule.cpp
  UnityEngine.UnityWebRequestAudioModule_CodeGen.c
  uncompr.c
  System.Runtime.WindowsRuntime.UI.Xaml_CodeGen.c
  utf8_util.c
  bit_reader.c
  block_splitter.c
  histogram.c
  Unity.XR.ARFoundation.InternalUtils_CodeGen.c
  UnityAdsStubs.cpp
  UnityEngine.DirectorModule_CodeGen.c
  krait_signal_handler.c
  UnityEngine.AIModule_CodeGen.c
  Unity.XR.ARFoundation.InternalUtils.cpp
  UnityEngine.VRModule_CodeGen.c
  Il2CppMetadataRegistration.c
  UnityEngine.ImageConversionModule_CodeGen.c
  Unity.XR.OpenXR.Features.OculusQuestSupport_CodeGen.c
  command.c
  Unity.XR.OpenXR.Features.MetaQuestSupport_CodeGen.c
  Unity.Burst.Unsafe_CodeGen.c
  cluster.c
  System.Xml_CodeGen.c
  encoder_dict.c
  UnityEngine.GridModule_CodeGen.c
  netstandard.cpp
  System.IO.Compression.cpp
  System.Numerics.Vectors.cpp
  System.ObjectModel.cpp
  System.Runtime.cpp
  UnityEngine.cpp
  System.Runtime.InteropServices.WindowsRuntime.cpp
  il2cpp-benchmark-support.cpp
  bit_cost.c
  gzclose.c
  constants.c
  System.Runtime.InteropServices.WindowsRuntime_CodeGen.c
  backward_references.c
  Lump_libil2cpp_utils.cpp
  UnityEngine.AssetBundleModule_CodeGen.c
  UnityEngine.SpriteShapeModule_CodeGen.c
  platform.c
  System.Numerics.Vectors_CodeGen.c
  System.ObjectModel_CodeGen.c
  System.IO.Compression_CodeGen.c
  UnityEngine_CodeGen.c
  System.Runtime_CodeGen.c
  Lump_libil2cpp_vm-utils.cpp
  netstandard_CodeGen.c
  Lump_libil2cpp_debugger.cpp
  Lump_libil2cpp_metadata.cpp
  il2cpp-runtime-stats.cpp
  gc.c
  Lump_libil2cpp_codegen.cpp
  Lump_libil2cpp_gc.cpp
  Lump_libil2cpp_icalls.cpp
  Lump_libil2cpp_mono.cpp
  Lump_libil2cpp_os.cpp
  Lump_libil2cpp_vm.cpp
  ObjectFiles: 656 of which compiled: 656
  	Time Compile: 38838 milliseconds Il2CppCCWs__146.cpp
  	Time Compile: 26197 milliseconds Il2CppPCCWMethods.cpp
  	Time Compile: 23877 milliseconds System__2.cpp
  	Time Compile: 20320 milliseconds Il2CppInvokerTable.cpp
  	Time Compile: 18906 milliseconds Unity.TextMeshPro__1.cpp
  	Time Compile: 17130 milliseconds Il2CppCCWs__128.cpp
  	Time Compile: 16931 milliseconds Unity.TextMeshPro__4.cpp
  	Time Compile: 16762 milliseconds mscorlib__19.cpp
  	Time Compile: 16452 milliseconds Il2CppCCWs__129.cpp
  	Time Compile: 16268 milliseconds Unity.XR.OpenXR.cpp
  Total compilation time: 155421 milliseconds.
  Creating library D:\Type B\typeB\build\obj\il2cppOutputProject\ARM64\Release\linkresult_A809B996DF808B2D97018D937A40E817\GameAssembly.lib and object D:\Type B\typeB\build\obj\il2cppOutputProject\ARM64\Release\linkresult_A809B996DF808B2D97018D937A40E817\GameAssembly.exp
  Total link time: 18255 milliseconds.
  Cleaned up 1 object files.
